

Started GET "/" for 127.0.0.1 at 2017-09-19 19:03:26 -0500

ActiveRecord::NoDatabaseError (FATAL:  role "amarnath" does not exist
):
  activerecord (4.2.9) lib/active_record/connection_adapters/postgresql_adapter.rb:661:in `rescue in connect'
  activerecord (4.2.9) lib/active_record/connection_adapters/postgresql_adapter.rb:651:in `connect'
  activerecord (4.2.9) lib/active_record/connection_adapters/postgresql_adapter.rb:242:in `initialize'
  activerecord (4.2.9) lib/active_record/connection_adapters/postgresql_adapter.rb:44:in `new'
  activerecord (4.2.9) lib/active_record/connection_adapters/postgresql_adapter.rb:44:in `postgresql_connection'
  activerecord (4.2.9) lib/active_record/connection_adapters/abstract/connection_pool.rb:438:in `new_connection'
  activerecord (4.2.9) lib/active_record/connection_adapters/abstract/connection_pool.rb:448:in `checkout_new_connection'
  activerecord (4.2.9) lib/active_record/connection_adapters/abstract/connection_pool.rb:422:in `acquire_connection'
  activerecord (4.2.9) lib/active_record/connection_adapters/abstract/connection_pool.rb:349:in `block in checkout'
  /usr/share/rvm/rubies/ruby-2.3.4/lib/ruby/2.3.0/monitor.rb:214:in `mon_synchronize'
  activerecord (4.2.9) lib/active_record/connection_adapters/abstract/connection_pool.rb:348:in `checkout'
  activerecord (4.2.9) lib/active_record/connection_adapters/abstract/connection_pool.rb:263:in `block in connection'
  /usr/share/rvm/rubies/ruby-2.3.4/lib/ruby/2.3.0/monitor.rb:214:in `mon_synchronize'
  activerecord (4.2.9) lib/active_record/connection_adapters/abstract/connection_pool.rb:262:in `connection'
  activerecord (4.2.9) lib/active_record/connection_adapters/abstract/connection_pool.rb:571:in `retrieve_connection'
  activerecord (4.2.9) lib/active_record/connection_handling.rb:113:in `retrieve_connection'
  activerecord (4.2.9) lib/active_record/connection_handling.rb:87:in `connection'
  activerecord (4.2.9) lib/active_record/migration.rb:383:in `connection'
  activerecord (4.2.9) lib/active_record/migration.rb:370:in `call'
  actionpack (4.2.9) lib/action_dispatch/middleware/callbacks.rb:29:in `block in call'
  activesupport (4.2.9) lib/active_support/callbacks.rb:88:in `__run_callbacks__'
  activesupport (4.2.9) lib/active_support/callbacks.rb:778:in `_run_call_callbacks'
  activesupport (4.2.9) lib/active_support/callbacks.rb:81:in `run_callbacks'
  actionpack (4.2.9) lib/action_dispatch/middleware/callbacks.rb:27:in `call'
  actionpack (4.2.9) lib/action_dispatch/middleware/reloader.rb:73:in `call'
  actionpack (4.2.9) lib/action_dispatch/middleware/remote_ip.rb:78:in `call'
  actionpack (4.2.9) lib/action_dispatch/middleware/debug_exceptions.rb:17:in `call'
  web-console (2.3.0) lib/web_console/middleware.rb:28:in `block in call'
  web-console (2.3.0) lib/web_console/middleware.rb:18:in `catch'
  web-console (2.3.0) lib/web_console/middleware.rb:18:in `call'
  actionpack (4.2.9) lib/action_dispatch/middleware/show_exceptions.rb:30:in `call'
  railties (4.2.9) lib/rails/rack/logger.rb:38:in `call_app'
  railties (4.2.9) lib/rails/rack/logger.rb:20:in `block in call'
  activesupport (4.2.9) lib/active_support/tagged_logging.rb:68:in `block in tagged'
  activesupport (4.2.9) lib/active_support/tagged_logging.rb:26:in `tagged'
  activesupport (4.2.9) lib/active_support/tagged_logging.rb:68:in `tagged'
  railties (4.2.9) lib/rails/rack/logger.rb:20:in `call'
  actionpack (4.2.9) lib/action_dispatch/middleware/request_id.rb:21:in `call'
  rack (1.6.8) lib/rack/methodoverride.rb:22:in `call'
  rack (1.6.8) lib/rack/runtime.rb:18:in `call'
  activesupport (4.2.9) lib/active_support/cache/strategy/local_cache_middleware.rb:28:in `call'
  rack (1.6.8) lib/rack/lock.rb:17:in `call'
  actionpack (4.2.9) lib/action_dispatch/middleware/static.rb:120:in `call'
  rack (1.6.8) lib/rack/sendfile.rb:113:in `call'
  railties (4.2.9) lib/rails/engine.rb:518:in `call'
  railties (4.2.9) lib/rails/application.rb:165:in `call'
  rack (1.6.8) lib/rack/lock.rb:17:in `call'
  rack (1.6.8) lib/rack/content_length.rb:15:in `call'
  rack (1.6.8) lib/rack/handler/webrick.rb:88:in `service'
  /usr/share/rvm/rubies/ruby-2.3.4/lib/ruby/2.3.0/webrick/httpserver.rb:140:in `service'
  /usr/share/rvm/rubies/ruby-2.3.4/lib/ruby/2.3.0/webrick/httpserver.rb:96:in `run'
  /usr/share/rvm/rubies/ruby-2.3.4/lib/ruby/2.3.0/webrick/server.rb:296:in `block in start_thread'


  Rendered /home/amarnath/.rvm/gems/ruby-2.3.4/gems/actionpack-4.2.9/lib/action_dispatch/middleware/templates/rescues/_source.erb (4.1ms)
  Rendered /home/amarnath/.rvm/gems/ruby-2.3.4/gems/actionpack-4.2.9/lib/action_dispatch/middleware/templates/rescues/_trace.html.erb (2.2ms)
  Rendered /home/amarnath/.rvm/gems/ruby-2.3.4/gems/actionpack-4.2.9/lib/action_dispatch/middleware/templates/rescues/_request_and_response.html.erb (1.2ms)
  Rendered /home/amarnath/.rvm/gems/ruby-2.3.4/gems/actionpack-4.2.9/lib/action_dispatch/middleware/templates/rescues/diagnostics.html.erb within rescues/layout (30.5ms)
  Rendered /home/amarnath/.rvm/gems/ruby-2.3.4/gems/web-console-2.3.0/lib/web_console/templates/_markup.html.erb (0.9ms)
  Rendered /home/amarnath/.rvm/gems/ruby-2.3.4/gems/web-console-2.3.0/lib/web_console/templates/_inner_console_markup.html.erb within layouts/inlined_string (0.7ms)
  Rendered /home/amarnath/.rvm/gems/ruby-2.3.4/gems/web-console-2.3.0/lib/web_console/templates/_prompt_box_markup.html.erb within layouts/inlined_string (0.5ms)
  Rendered /home/amarnath/.rvm/gems/ruby-2.3.4/gems/web-console-2.3.0/lib/web_console/templates/style.css.erb within layouts/inlined_string (0.8ms)
  Rendered /home/amarnath/.rvm/gems/ruby-2.3.4/gems/web-console-2.3.0/lib/web_console/templates/console.js.erb within layouts/javascript (41.8ms)
  Rendered /home/amarnath/.rvm/gems/ruby-2.3.4/gems/web-console-2.3.0/lib/web_console/templates/main.js.erb within layouts/javascript (0.5ms)
  Rendered /home/amarnath/.rvm/gems/ruby-2.3.4/gems/web-console-2.3.0/lib/web_console/templates/error_page.js.erb within layouts/javascript (0.6ms)
  Rendered /home/amarnath/.rvm/gems/ruby-2.3.4/gems/web-console-2.3.0/lib/web_console/templates/index.html.erb (76.6ms)


Started GET "/" for 127.0.0.1 at 2017-09-19 19:17:25 -0500

ActiveRecord::NoDatabaseError (FATAL:  database "amarnath" does not exist
):
  activerecord (4.2.9) lib/active_record/connection_adapters/postgresql_adapter.rb:661:in `rescue in connect'
  activerecord (4.2.9) lib/active_record/connection_adapters/postgresql_adapter.rb:651:in `connect'
  activerecord (4.2.9) lib/active_record/connection_adapters/postgresql_adapter.rb:242:in `initialize'
  activerecord (4.2.9) lib/active_record/connection_adapters/postgresql_adapter.rb:44:in `new'
  activerecord (4.2.9) lib/active_record/connection_adapters/postgresql_adapter.rb:44:in `postgresql_connection'
  activerecord (4.2.9) lib/active_record/connection_adapters/abstract/connection_pool.rb:438:in `new_connection'
  activerecord (4.2.9) lib/active_record/connection_adapters/abstract/connection_pool.rb:448:in `checkout_new_connection'
  activerecord (4.2.9) lib/active_record/connection_adapters/abstract/connection_pool.rb:422:in `acquire_connection'
  activerecord (4.2.9) lib/active_record/connection_adapters/abstract/connection_pool.rb:349:in `block in checkout'
  /usr/share/rvm/rubies/ruby-2.3.4/lib/ruby/2.3.0/monitor.rb:214:in `mon_synchronize'
  activerecord (4.2.9) lib/active_record/connection_adapters/abstract/connection_pool.rb:348:in `checkout'
  activerecord (4.2.9) lib/active_record/connection_adapters/abstract/connection_pool.rb:263:in `block in connection'
  /usr/share/rvm/rubies/ruby-2.3.4/lib/ruby/2.3.0/monitor.rb:214:in `mon_synchronize'
  activerecord (4.2.9) lib/active_record/connection_adapters/abstract/connection_pool.rb:262:in `connection'
  activerecord (4.2.9) lib/active_record/connection_adapters/abstract/connection_pool.rb:571:in `retrieve_connection'
  activerecord (4.2.9) lib/active_record/connection_handling.rb:113:in `retrieve_connection'
  activerecord (4.2.9) lib/active_record/connection_handling.rb:87:in `connection'
  activerecord (4.2.9) lib/active_record/migration.rb:383:in `connection'
  activerecord (4.2.9) lib/active_record/migration.rb:370:in `call'
  actionpack (4.2.9) lib/action_dispatch/middleware/callbacks.rb:29:in `block in call'
  activesupport (4.2.9) lib/active_support/callbacks.rb:88:in `__run_callbacks__'
  activesupport (4.2.9) lib/active_support/callbacks.rb:778:in `_run_call_callbacks'
  activesupport (4.2.9) lib/active_support/callbacks.rb:81:in `run_callbacks'
  actionpack (4.2.9) lib/action_dispatch/middleware/callbacks.rb:27:in `call'
  actionpack (4.2.9) lib/action_dispatch/middleware/reloader.rb:73:in `call'
  actionpack (4.2.9) lib/action_dispatch/middleware/remote_ip.rb:78:in `call'
  actionpack (4.2.9) lib/action_dispatch/middleware/debug_exceptions.rb:17:in `call'
  web-console (2.3.0) lib/web_console/middleware.rb:28:in `block in call'
  web-console (2.3.0) lib/web_console/middleware.rb:18:in `catch'
  web-console (2.3.0) lib/web_console/middleware.rb:18:in `call'
  actionpack (4.2.9) lib/action_dispatch/middleware/show_exceptions.rb:30:in `call'
  railties (4.2.9) lib/rails/rack/logger.rb:38:in `call_app'
  railties (4.2.9) lib/rails/rack/logger.rb:20:in `block in call'
  activesupport (4.2.9) lib/active_support/tagged_logging.rb:68:in `block in tagged'
  activesupport (4.2.9) lib/active_support/tagged_logging.rb:26:in `tagged'
  activesupport (4.2.9) lib/active_support/tagged_logging.rb:68:in `tagged'
  railties (4.2.9) lib/rails/rack/logger.rb:20:in `call'
  actionpack (4.2.9) lib/action_dispatch/middleware/request_id.rb:21:in `call'
  rack (1.6.8) lib/rack/methodoverride.rb:22:in `call'
  rack (1.6.8) lib/rack/runtime.rb:18:in `call'
  activesupport (4.2.9) lib/active_support/cache/strategy/local_cache_middleware.rb:28:in `call'
  rack (1.6.8) lib/rack/lock.rb:17:in `call'
  actionpack (4.2.9) lib/action_dispatch/middleware/static.rb:120:in `call'
  rack (1.6.8) lib/rack/sendfile.rb:113:in `call'
  railties (4.2.9) lib/rails/engine.rb:518:in `call'
  railties (4.2.9) lib/rails/application.rb:165:in `call'
  rack (1.6.8) lib/rack/lock.rb:17:in `call'
  rack (1.6.8) lib/rack/content_length.rb:15:in `call'
  rack (1.6.8) lib/rack/handler/webrick.rb:88:in `service'
  /usr/share/rvm/rubies/ruby-2.3.4/lib/ruby/2.3.0/webrick/httpserver.rb:140:in `service'
  /usr/share/rvm/rubies/ruby-2.3.4/lib/ruby/2.3.0/webrick/httpserver.rb:96:in `run'
  /usr/share/rvm/rubies/ruby-2.3.4/lib/ruby/2.3.0/webrick/server.rb:296:in `block in start_thread'


  Rendered /home/amarnath/.rvm/gems/ruby-2.3.4/gems/actionpack-4.2.9/lib/action_dispatch/middleware/templates/rescues/_source.erb (4.2ms)
  Rendered /home/amarnath/.rvm/gems/ruby-2.3.4/gems/actionpack-4.2.9/lib/action_dispatch/middleware/templates/rescues/_trace.html.erb (2.2ms)
  Rendered /home/amarnath/.rvm/gems/ruby-2.3.4/gems/actionpack-4.2.9/lib/action_dispatch/middleware/templates/rescues/_request_and_response.html.erb (1.4ms)
  Rendered /home/amarnath/.rvm/gems/ruby-2.3.4/gems/actionpack-4.2.9/lib/action_dispatch/middleware/templates/rescues/diagnostics.html.erb within rescues/layout (30.3ms)
  Rendered /home/amarnath/.rvm/gems/ruby-2.3.4/gems/web-console-2.3.0/lib/web_console/templates/_markup.html.erb (1.3ms)
  Rendered /home/amarnath/.rvm/gems/ruby-2.3.4/gems/web-console-2.3.0/lib/web_console/templates/_inner_console_markup.html.erb within layouts/inlined_string (0.4ms)
  Rendered /home/amarnath/.rvm/gems/ruby-2.3.4/gems/web-console-2.3.0/lib/web_console/templates/_prompt_box_markup.html.erb within layouts/inlined_string (0.6ms)
  Rendered /home/amarnath/.rvm/gems/ruby-2.3.4/gems/web-console-2.3.0/lib/web_console/templates/style.css.erb within layouts/inlined_string (0.5ms)
  Rendered /home/amarnath/.rvm/gems/ruby-2.3.4/gems/web-console-2.3.0/lib/web_console/templates/console.js.erb within layouts/javascript (33.0ms)
  Rendered /home/amarnath/.rvm/gems/ruby-2.3.4/gems/web-console-2.3.0/lib/web_console/templates/main.js.erb within layouts/javascript (0.4ms)
  Rendered /home/amarnath/.rvm/gems/ruby-2.3.4/gems/web-console-2.3.0/lib/web_console/templates/error_page.js.erb within layouts/javascript (0.6ms)
  Rendered /home/amarnath/.rvm/gems/ruby-2.3.4/gems/web-console-2.3.0/lib/web_console/templates/index.html.erb (64.0ms)


Started GET "/" for 127.0.0.1 at 2017-09-19 19:18:00 -0500

ActiveRecord::NoDatabaseError (FATAL:  database "amarnath" does not exist
):
  activerecord (4.2.9) lib/active_record/connection_adapters/postgresql_adapter.rb:661:in `rescue in connect'
  activerecord (4.2.9) lib/active_record/connection_adapters/postgresql_adapter.rb:651:in `connect'
  activerecord (4.2.9) lib/active_record/connection_adapters/postgresql_adapter.rb:242:in `initialize'
  activerecord (4.2.9) lib/active_record/connection_adapters/postgresql_adapter.rb:44:in `new'
  activerecord (4.2.9) lib/active_record/connection_adapters/postgresql_adapter.rb:44:in `postgresql_connection'
  activerecord (4.2.9) lib/active_record/connection_adapters/abstract/connection_pool.rb:438:in `new_connection'
  activerecord (4.2.9) lib/active_record/connection_adapters/abstract/connection_pool.rb:448:in `checkout_new_connection'
  activerecord (4.2.9) lib/active_record/connection_adapters/abstract/connection_pool.rb:422:in `acquire_connection'
  activerecord (4.2.9) lib/active_record/connection_adapters/abstract/connection_pool.rb:349:in `block in checkout'
  /usr/share/rvm/rubies/ruby-2.3.4/lib/ruby/2.3.0/monitor.rb:214:in `mon_synchronize'
  activerecord (4.2.9) lib/active_record/connection_adapters/abstract/connection_pool.rb:348:in `checkout'
  activerecord (4.2.9) lib/active_record/connection_adapters/abstract/connection_pool.rb:263:in `block in connection'
  /usr/share/rvm/rubies/ruby-2.3.4/lib/ruby/2.3.0/monitor.rb:214:in `mon_synchronize'
  activerecord (4.2.9) lib/active_record/connection_adapters/abstract/connection_pool.rb:262:in `connection'
  activerecord (4.2.9) lib/active_record/connection_adapters/abstract/connection_pool.rb:571:in `retrieve_connection'
  activerecord (4.2.9) lib/active_record/connection_handling.rb:113:in `retrieve_connection'
  activerecord (4.2.9) lib/active_record/connection_handling.rb:87:in `connection'
  activerecord (4.2.9) lib/active_record/migration.rb:383:in `connection'
  activerecord (4.2.9) lib/active_record/migration.rb:370:in `call'
  actionpack (4.2.9) lib/action_dispatch/middleware/callbacks.rb:29:in `block in call'
  activesupport (4.2.9) lib/active_support/callbacks.rb:88:in `__run_callbacks__'
  activesupport (4.2.9) lib/active_support/callbacks.rb:778:in `_run_call_callbacks'
  activesupport (4.2.9) lib/active_support/callbacks.rb:81:in `run_callbacks'
  actionpack (4.2.9) lib/action_dispatch/middleware/callbacks.rb:27:in `call'
  actionpack (4.2.9) lib/action_dispatch/middleware/reloader.rb:73:in `call'
  actionpack (4.2.9) lib/action_dispatch/middleware/remote_ip.rb:78:in `call'
  actionpack (4.2.9) lib/action_dispatch/middleware/debug_exceptions.rb:17:in `call'
  web-console (2.3.0) lib/web_console/middleware.rb:28:in `block in call'
  web-console (2.3.0) lib/web_console/middleware.rb:18:in `catch'
  web-console (2.3.0) lib/web_console/middleware.rb:18:in `call'
  actionpack (4.2.9) lib/action_dispatch/middleware/show_exceptions.rb:30:in `call'
  railties (4.2.9) lib/rails/rack/logger.rb:38:in `call_app'
  railties (4.2.9) lib/rails/rack/logger.rb:20:in `block in call'
  activesupport (4.2.9) lib/active_support/tagged_logging.rb:68:in `block in tagged'
  activesupport (4.2.9) lib/active_support/tagged_logging.rb:26:in `tagged'
  activesupport (4.2.9) lib/active_support/tagged_logging.rb:68:in `tagged'
  railties (4.2.9) lib/rails/rack/logger.rb:20:in `call'
  actionpack (4.2.9) lib/action_dispatch/middleware/request_id.rb:21:in `call'
  rack (1.6.8) lib/rack/methodoverride.rb:22:in `call'
  rack (1.6.8) lib/rack/runtime.rb:18:in `call'
  activesupport (4.2.9) lib/active_support/cache/strategy/local_cache_middleware.rb:28:in `call'
  rack (1.6.8) lib/rack/lock.rb:17:in `call'
  actionpack (4.2.9) lib/action_dispatch/middleware/static.rb:120:in `call'
  rack (1.6.8) lib/rack/sendfile.rb:113:in `call'
  railties (4.2.9) lib/rails/engine.rb:518:in `call'
  railties (4.2.9) lib/rails/application.rb:165:in `call'
  rack (1.6.8) lib/rack/lock.rb:17:in `call'
  rack (1.6.8) lib/rack/content_length.rb:15:in `call'
  rack (1.6.8) lib/rack/handler/webrick.rb:88:in `service'
  /usr/share/rvm/rubies/ruby-2.3.4/lib/ruby/2.3.0/webrick/httpserver.rb:140:in `service'
  /usr/share/rvm/rubies/ruby-2.3.4/lib/ruby/2.3.0/webrick/httpserver.rb:96:in `run'
  /usr/share/rvm/rubies/ruby-2.3.4/lib/ruby/2.3.0/webrick/server.rb:296:in `block in start_thread'


  Rendered /home/amarnath/.rvm/gems/ruby-2.3.4/gems/actionpack-4.2.9/lib/action_dispatch/middleware/templates/rescues/_source.erb (4.2ms)
  Rendered /home/amarnath/.rvm/gems/ruby-2.3.4/gems/actionpack-4.2.9/lib/action_dispatch/middleware/templates/rescues/_trace.html.erb (2.2ms)
  Rendered /home/amarnath/.rvm/gems/ruby-2.3.4/gems/actionpack-4.2.9/lib/action_dispatch/middleware/templates/rescues/_request_and_response.html.erb (1.6ms)
  Rendered /home/amarnath/.rvm/gems/ruby-2.3.4/gems/actionpack-4.2.9/lib/action_dispatch/middleware/templates/rescues/diagnostics.html.erb within rescues/layout (31.1ms)
  Rendered /home/amarnath/.rvm/gems/ruby-2.3.4/gems/web-console-2.3.0/lib/web_console/templates/_markup.html.erb (0.7ms)
  Rendered /home/amarnath/.rvm/gems/ruby-2.3.4/gems/web-console-2.3.0/lib/web_console/templates/_inner_console_markup.html.erb within layouts/inlined_string (0.4ms)
  Rendered /home/amarnath/.rvm/gems/ruby-2.3.4/gems/web-console-2.3.0/lib/web_console/templates/_prompt_box_markup.html.erb within layouts/inlined_string (0.5ms)
  Rendered /home/amarnath/.rvm/gems/ruby-2.3.4/gems/web-console-2.3.0/lib/web_console/templates/style.css.erb within layouts/inlined_string (0.7ms)
  Rendered /home/amarnath/.rvm/gems/ruby-2.3.4/gems/web-console-2.3.0/lib/web_console/templates/console.js.erb within layouts/javascript (32.2ms)
  Rendered /home/amarnath/.rvm/gems/ruby-2.3.4/gems/web-console-2.3.0/lib/web_console/templates/main.js.erb within layouts/javascript (0.4ms)
  Rendered /home/amarnath/.rvm/gems/ruby-2.3.4/gems/web-console-2.3.0/lib/web_console/templates/error_page.js.erb within layouts/javascript (0.6ms)
  Rendered /home/amarnath/.rvm/gems/ruby-2.3.4/gems/web-console-2.3.0/lib/web_console/templates/index.html.erb (62.7ms)


Started GET "/" for 127.0.0.1 at 2017-09-19 19:19:57 -0500

ActiveRecord::NoDatabaseError (FATAL:  database "amarnath" does not exist
):
  activerecord (4.2.9) lib/active_record/connection_adapters/postgresql_adapter.rb:661:in `rescue in connect'
  activerecord (4.2.9) lib/active_record/connection_adapters/postgresql_adapter.rb:651:in `connect'
  activerecord (4.2.9) lib/active_record/connection_adapters/postgresql_adapter.rb:242:in `initialize'
  activerecord (4.2.9) lib/active_record/connection_adapters/postgresql_adapter.rb:44:in `new'
  activerecord (4.2.9) lib/active_record/connection_adapters/postgresql_adapter.rb:44:in `postgresql_connection'
  activerecord (4.2.9) lib/active_record/connection_adapters/abstract/connection_pool.rb:438:in `new_connection'
  activerecord (4.2.9) lib/active_record/connection_adapters/abstract/connection_pool.rb:448:in `checkout_new_connection'
  activerecord (4.2.9) lib/active_record/connection_adapters/abstract/connection_pool.rb:422:in `acquire_connection'
  activerecord (4.2.9) lib/active_record/connection_adapters/abstract/connection_pool.rb:349:in `block in checkout'
  /usr/share/rvm/rubies/ruby-2.3.4/lib/ruby/2.3.0/monitor.rb:214:in `mon_synchronize'
  activerecord (4.2.9) lib/active_record/connection_adapters/abstract/connection_pool.rb:348:in `checkout'
  activerecord (4.2.9) lib/active_record/connection_adapters/abstract/connection_pool.rb:263:in `block in connection'
  /usr/share/rvm/rubies/ruby-2.3.4/lib/ruby/2.3.0/monitor.rb:214:in `mon_synchronize'
  activerecord (4.2.9) lib/active_record/connection_adapters/abstract/connection_pool.rb:262:in `connection'
  activerecord (4.2.9) lib/active_record/connection_adapters/abstract/connection_pool.rb:571:in `retrieve_connection'
  activerecord (4.2.9) lib/active_record/connection_handling.rb:113:in `retrieve_connection'
  activerecord (4.2.9) lib/active_record/connection_handling.rb:87:in `connection'
  activerecord (4.2.9) lib/active_record/migration.rb:383:in `connection'
  activerecord (4.2.9) lib/active_record/migration.rb:370:in `call'
  actionpack (4.2.9) lib/action_dispatch/middleware/callbacks.rb:29:in `block in call'
  activesupport (4.2.9) lib/active_support/callbacks.rb:88:in `__run_callbacks__'
  activesupport (4.2.9) lib/active_support/callbacks.rb:778:in `_run_call_callbacks'
  activesupport (4.2.9) lib/active_support/callbacks.rb:81:in `run_callbacks'
  actionpack (4.2.9) lib/action_dispatch/middleware/callbacks.rb:27:in `call'
  actionpack (4.2.9) lib/action_dispatch/middleware/reloader.rb:73:in `call'
  actionpack (4.2.9) lib/action_dispatch/middleware/remote_ip.rb:78:in `call'
  actionpack (4.2.9) lib/action_dispatch/middleware/debug_exceptions.rb:17:in `call'
  web-console (2.3.0) lib/web_console/middleware.rb:28:in `block in call'
  web-console (2.3.0) lib/web_console/middleware.rb:18:in `catch'
  web-console (2.3.0) lib/web_console/middleware.rb:18:in `call'
  actionpack (4.2.9) lib/action_dispatch/middleware/show_exceptions.rb:30:in `call'
  railties (4.2.9) lib/rails/rack/logger.rb:38:in `call_app'
  railties (4.2.9) lib/rails/rack/logger.rb:20:in `block in call'
  activesupport (4.2.9) lib/active_support/tagged_logging.rb:68:in `block in tagged'
  activesupport (4.2.9) lib/active_support/tagged_logging.rb:26:in `tagged'
  activesupport (4.2.9) lib/active_support/tagged_logging.rb:68:in `tagged'
  railties (4.2.9) lib/rails/rack/logger.rb:20:in `call'
  actionpack (4.2.9) lib/action_dispatch/middleware/request_id.rb:21:in `call'
  rack (1.6.8) lib/rack/methodoverride.rb:22:in `call'
  rack (1.6.8) lib/rack/runtime.rb:18:in `call'
  activesupport (4.2.9) lib/active_support/cache/strategy/local_cache_middleware.rb:28:in `call'
  rack (1.6.8) lib/rack/lock.rb:17:in `call'
  actionpack (4.2.9) lib/action_dispatch/middleware/static.rb:120:in `call'
  rack (1.6.8) lib/rack/sendfile.rb:113:in `call'
  railties (4.2.9) lib/rails/engine.rb:518:in `call'
  railties (4.2.9) lib/rails/application.rb:165:in `call'
  rack (1.6.8) lib/rack/lock.rb:17:in `call'
  rack (1.6.8) lib/rack/content_length.rb:15:in `call'
  rack (1.6.8) lib/rack/handler/webrick.rb:88:in `service'
  /usr/share/rvm/rubies/ruby-2.3.4/lib/ruby/2.3.0/webrick/httpserver.rb:140:in `service'
  /usr/share/rvm/rubies/ruby-2.3.4/lib/ruby/2.3.0/webrick/httpserver.rb:96:in `run'
  /usr/share/rvm/rubies/ruby-2.3.4/lib/ruby/2.3.0/webrick/server.rb:296:in `block in start_thread'


  Rendered /home/amarnath/.rvm/gems/ruby-2.3.4/gems/actionpack-4.2.9/lib/action_dispatch/middleware/templates/rescues/_source.erb (4.5ms)
  Rendered /home/amarnath/.rvm/gems/ruby-2.3.4/gems/actionpack-4.2.9/lib/action_dispatch/middleware/templates/rescues/_trace.html.erb (2.2ms)
  Rendered /home/amarnath/.rvm/gems/ruby-2.3.4/gems/actionpack-4.2.9/lib/action_dispatch/middleware/templates/rescues/_request_and_response.html.erb (1.2ms)
  Rendered /home/amarnath/.rvm/gems/ruby-2.3.4/gems/actionpack-4.2.9/lib/action_dispatch/middleware/templates/rescues/diagnostics.html.erb within rescues/layout (29.6ms)
  Rendered /home/amarnath/.rvm/gems/ruby-2.3.4/gems/web-console-2.3.0/lib/web_console/templates/_markup.html.erb (0.6ms)
  Rendered /home/amarnath/.rvm/gems/ruby-2.3.4/gems/web-console-2.3.0/lib/web_console/templates/_inner_console_markup.html.erb within layouts/inlined_string (0.5ms)
  Rendered /home/amarnath/.rvm/gems/ruby-2.3.4/gems/web-console-2.3.0/lib/web_console/templates/_prompt_box_markup.html.erb within layouts/inlined_string (0.5ms)
  Rendered /home/amarnath/.rvm/gems/ruby-2.3.4/gems/web-console-2.3.0/lib/web_console/templates/style.css.erb within layouts/inlined_string (0.7ms)
  Rendered /home/amarnath/.rvm/gems/ruby-2.3.4/gems/web-console-2.3.0/lib/web_console/templates/console.js.erb within layouts/javascript (35.3ms)
  Rendered /home/amarnath/.rvm/gems/ruby-2.3.4/gems/web-console-2.3.0/lib/web_console/templates/main.js.erb within layouts/javascript (0.4ms)
  Rendered /home/amarnath/.rvm/gems/ruby-2.3.4/gems/web-console-2.3.0/lib/web_console/templates/error_page.js.erb within layouts/javascript (0.6ms)
  Rendered /home/amarnath/.rvm/gems/ruby-2.3.4/gems/web-console-2.3.0/lib/web_console/templates/index.html.erb (63.5ms)


Started GET "/" for 127.0.0.1 at 2017-09-19 19:44:44 -0500

ActiveRecord::NoDatabaseError (FATAL:  database "myapp_development" does not exist
):
  activerecord (4.2.9) lib/active_record/connection_adapters/postgresql_adapter.rb:661:in `rescue in connect'
  activerecord (4.2.9) lib/active_record/connection_adapters/postgresql_adapter.rb:651:in `connect'
  activerecord (4.2.9) lib/active_record/connection_adapters/postgresql_adapter.rb:242:in `initialize'
  activerecord (4.2.9) lib/active_record/connection_adapters/postgresql_adapter.rb:44:in `new'
  activerecord (4.2.9) lib/active_record/connection_adapters/postgresql_adapter.rb:44:in `postgresql_connection'
  activerecord (4.2.9) lib/active_record/connection_adapters/abstract/connection_pool.rb:438:in `new_connection'
  activerecord (4.2.9) lib/active_record/connection_adapters/abstract/connection_pool.rb:448:in `checkout_new_connection'
  activerecord (4.2.9) lib/active_record/connection_adapters/abstract/connection_pool.rb:422:in `acquire_connection'
  activerecord (4.2.9) lib/active_record/connection_adapters/abstract/connection_pool.rb:349:in `block in checkout'
  /usr/share/rvm/rubies/ruby-2.3.4/lib/ruby/2.3.0/monitor.rb:214:in `mon_synchronize'
  activerecord (4.2.9) lib/active_record/connection_adapters/abstract/connection_pool.rb:348:in `checkout'
  activerecord (4.2.9) lib/active_record/connection_adapters/abstract/connection_pool.rb:263:in `block in connection'
  /usr/share/rvm/rubies/ruby-2.3.4/lib/ruby/2.3.0/monitor.rb:214:in `mon_synchronize'
  activerecord (4.2.9) lib/active_record/connection_adapters/abstract/connection_pool.rb:262:in `connection'
  activerecord (4.2.9) lib/active_record/connection_adapters/abstract/connection_pool.rb:571:in `retrieve_connection'
  activerecord (4.2.9) lib/active_record/connection_handling.rb:113:in `retrieve_connection'
  activerecord (4.2.9) lib/active_record/connection_handling.rb:87:in `connection'
  activerecord (4.2.9) lib/active_record/migration.rb:383:in `connection'
  activerecord (4.2.9) lib/active_record/migration.rb:370:in `call'
  actionpack (4.2.9) lib/action_dispatch/middleware/callbacks.rb:29:in `block in call'
  activesupport (4.2.9) lib/active_support/callbacks.rb:88:in `__run_callbacks__'
  activesupport (4.2.9) lib/active_support/callbacks.rb:778:in `_run_call_callbacks'
  activesupport (4.2.9) lib/active_support/callbacks.rb:81:in `run_callbacks'
  actionpack (4.2.9) lib/action_dispatch/middleware/callbacks.rb:27:in `call'
  actionpack (4.2.9) lib/action_dispatch/middleware/reloader.rb:73:in `call'
  actionpack (4.2.9) lib/action_dispatch/middleware/remote_ip.rb:78:in `call'
  actionpack (4.2.9) lib/action_dispatch/middleware/debug_exceptions.rb:17:in `call'
  web-console (2.3.0) lib/web_console/middleware.rb:28:in `block in call'
  web-console (2.3.0) lib/web_console/middleware.rb:18:in `catch'
  web-console (2.3.0) lib/web_console/middleware.rb:18:in `call'
  actionpack (4.2.9) lib/action_dispatch/middleware/show_exceptions.rb:30:in `call'
  railties (4.2.9) lib/rails/rack/logger.rb:38:in `call_app'
  railties (4.2.9) lib/rails/rack/logger.rb:20:in `block in call'
  activesupport (4.2.9) lib/active_support/tagged_logging.rb:68:in `block in tagged'
  activesupport (4.2.9) lib/active_support/tagged_logging.rb:26:in `tagged'
  activesupport (4.2.9) lib/active_support/tagged_logging.rb:68:in `tagged'
  railties (4.2.9) lib/rails/rack/logger.rb:20:in `call'
  actionpack (4.2.9) lib/action_dispatch/middleware/request_id.rb:21:in `call'
  rack (1.6.8) lib/rack/methodoverride.rb:22:in `call'
  rack (1.6.8) lib/rack/runtime.rb:18:in `call'
  activesupport (4.2.9) lib/active_support/cache/strategy/local_cache_middleware.rb:28:in `call'
  rack (1.6.8) lib/rack/lock.rb:17:in `call'
  actionpack (4.2.9) lib/action_dispatch/middleware/static.rb:120:in `call'
  rack (1.6.8) lib/rack/sendfile.rb:113:in `call'
  railties (4.2.9) lib/rails/engine.rb:518:in `call'
  railties (4.2.9) lib/rails/application.rb:165:in `call'
  rack (1.6.8) lib/rack/lock.rb:17:in `call'
  rack (1.6.8) lib/rack/content_length.rb:15:in `call'
  rack (1.6.8) lib/rack/handler/webrick.rb:88:in `service'
  /usr/share/rvm/rubies/ruby-2.3.4/lib/ruby/2.3.0/webrick/httpserver.rb:140:in `service'
  /usr/share/rvm/rubies/ruby-2.3.4/lib/ruby/2.3.0/webrick/httpserver.rb:96:in `run'
  /usr/share/rvm/rubies/ruby-2.3.4/lib/ruby/2.3.0/webrick/server.rb:296:in `block in start_thread'


  Rendered /home/amarnath/.rvm/gems/ruby-2.3.4/gems/actionpack-4.2.9/lib/action_dispatch/middleware/templates/rescues/_source.erb (4.0ms)
  Rendered /home/amarnath/.rvm/gems/ruby-2.3.4/gems/actionpack-4.2.9/lib/action_dispatch/middleware/templates/rescues/_trace.html.erb (2.2ms)
  Rendered /home/amarnath/.rvm/gems/ruby-2.3.4/gems/actionpack-4.2.9/lib/action_dispatch/middleware/templates/rescues/_request_and_response.html.erb (2.1ms)
  Rendered /home/amarnath/.rvm/gems/ruby-2.3.4/gems/actionpack-4.2.9/lib/action_dispatch/middleware/templates/rescues/diagnostics.html.erb within rescues/layout (30.1ms)
  Rendered /home/amarnath/.rvm/gems/ruby-2.3.4/gems/web-console-2.3.0/lib/web_console/templates/_markup.html.erb (1.1ms)
  Rendered /home/amarnath/.rvm/gems/ruby-2.3.4/gems/web-console-2.3.0/lib/web_console/templates/_inner_console_markup.html.erb within layouts/inlined_string (0.4ms)
  Rendered /home/amarnath/.rvm/gems/ruby-2.3.4/gems/web-console-2.3.0/lib/web_console/templates/_prompt_box_markup.html.erb within layouts/inlined_string (0.5ms)
  Rendered /home/amarnath/.rvm/gems/ruby-2.3.4/gems/web-console-2.3.0/lib/web_console/templates/style.css.erb within layouts/inlined_string (0.6ms)
  Rendered /home/amarnath/.rvm/gems/ruby-2.3.4/gems/web-console-2.3.0/lib/web_console/templates/console.js.erb within layouts/javascript (34.4ms)
  Rendered /home/amarnath/.rvm/gems/ruby-2.3.4/gems/web-console-2.3.0/lib/web_console/templates/main.js.erb within layouts/javascript (0.5ms)
  Rendered /home/amarnath/.rvm/gems/ruby-2.3.4/gems/web-console-2.3.0/lib/web_console/templates/error_page.js.erb within layouts/javascript (0.6ms)
  Rendered /home/amarnath/.rvm/gems/ruby-2.3.4/gems/web-console-2.3.0/lib/web_console/templates/index.html.erb (65.0ms)


Started GET "/" for 127.0.0.1 at 2017-09-19 19:44:59 -0500

ActiveRecord::NoDatabaseError (FATAL:  database "myapp_development" does not exist
):
  activerecord (4.2.9) lib/active_record/connection_adapters/postgresql_adapter.rb:661:in `rescue in connect'
  activerecord (4.2.9) lib/active_record/connection_adapters/postgresql_adapter.rb:651:in `connect'
  activerecord (4.2.9) lib/active_record/connection_adapters/postgresql_adapter.rb:242:in `initialize'
  activerecord (4.2.9) lib/active_record/connection_adapters/postgresql_adapter.rb:44:in `new'
  activerecord (4.2.9) lib/active_record/connection_adapters/postgresql_adapter.rb:44:in `postgresql_connection'
  activerecord (4.2.9) lib/active_record/connection_adapters/abstract/connection_pool.rb:438:in `new_connection'
  activerecord (4.2.9) lib/active_record/connection_adapters/abstract/connection_pool.rb:448:in `checkout_new_connection'
  activerecord (4.2.9) lib/active_record/connection_adapters/abstract/connection_pool.rb:422:in `acquire_connection'
  activerecord (4.2.9) lib/active_record/connection_adapters/abstract/connection_pool.rb:349:in `block in checkout'
  /usr/share/rvm/rubies/ruby-2.3.4/lib/ruby/2.3.0/monitor.rb:214:in `mon_synchronize'
  activerecord (4.2.9) lib/active_record/connection_adapters/abstract/connection_pool.rb:348:in `checkout'
  activerecord (4.2.9) lib/active_record/connection_adapters/abstract/connection_pool.rb:263:in `block in connection'
  /usr/share/rvm/rubies/ruby-2.3.4/lib/ruby/2.3.0/monitor.rb:214:in `mon_synchronize'
  activerecord (4.2.9) lib/active_record/connection_adapters/abstract/connection_pool.rb:262:in `connection'
  activerecord (4.2.9) lib/active_record/connection_adapters/abstract/connection_pool.rb:571:in `retrieve_connection'
  activerecord (4.2.9) lib/active_record/connection_handling.rb:113:in `retrieve_connection'
  activerecord (4.2.9) lib/active_record/connection_handling.rb:87:in `connection'
  activerecord (4.2.9) lib/active_record/migration.rb:383:in `connection'
  activerecord (4.2.9) lib/active_record/migration.rb:370:in `call'
  actionpack (4.2.9) lib/action_dispatch/middleware/callbacks.rb:29:in `block in call'
  activesupport (4.2.9) lib/active_support/callbacks.rb:88:in `__run_callbacks__'
  activesupport (4.2.9) lib/active_support/callbacks.rb:778:in `_run_call_callbacks'
  activesupport (4.2.9) lib/active_support/callbacks.rb:81:in `run_callbacks'
  actionpack (4.2.9) lib/action_dispatch/middleware/callbacks.rb:27:in `call'
  actionpack (4.2.9) lib/action_dispatch/middleware/reloader.rb:73:in `call'
  actionpack (4.2.9) lib/action_dispatch/middleware/remote_ip.rb:78:in `call'
  actionpack (4.2.9) lib/action_dispatch/middleware/debug_exceptions.rb:17:in `call'
  web-console (2.3.0) lib/web_console/middleware.rb:28:in `block in call'
  web-console (2.3.0) lib/web_console/middleware.rb:18:in `catch'
  web-console (2.3.0) lib/web_console/middleware.rb:18:in `call'
  actionpack (4.2.9) lib/action_dispatch/middleware/show_exceptions.rb:30:in `call'
  railties (4.2.9) lib/rails/rack/logger.rb:38:in `call_app'
  railties (4.2.9) lib/rails/rack/logger.rb:20:in `block in call'
  activesupport (4.2.9) lib/active_support/tagged_logging.rb:68:in `block in tagged'
  activesupport (4.2.9) lib/active_support/tagged_logging.rb:26:in `tagged'
  activesupport (4.2.9) lib/active_support/tagged_logging.rb:68:in `tagged'
  railties (4.2.9) lib/rails/rack/logger.rb:20:in `call'
  actionpack (4.2.9) lib/action_dispatch/middleware/request_id.rb:21:in `call'
  rack (1.6.8) lib/rack/methodoverride.rb:22:in `call'
  rack (1.6.8) lib/rack/runtime.rb:18:in `call'
  activesupport (4.2.9) lib/active_support/cache/strategy/local_cache_middleware.rb:28:in `call'
  rack (1.6.8) lib/rack/lock.rb:17:in `call'
  actionpack (4.2.9) lib/action_dispatch/middleware/static.rb:120:in `call'
  rack (1.6.8) lib/rack/sendfile.rb:113:in `call'
  railties (4.2.9) lib/rails/engine.rb:518:in `call'
  railties (4.2.9) lib/rails/application.rb:165:in `call'
  rack (1.6.8) lib/rack/lock.rb:17:in `call'
  rack (1.6.8) lib/rack/content_length.rb:15:in `call'
  rack (1.6.8) lib/rack/handler/webrick.rb:88:in `service'
  /usr/share/rvm/rubies/ruby-2.3.4/lib/ruby/2.3.0/webrick/httpserver.rb:140:in `service'
  /usr/share/rvm/rubies/ruby-2.3.4/lib/ruby/2.3.0/webrick/httpserver.rb:96:in `run'
  /usr/share/rvm/rubies/ruby-2.3.4/lib/ruby/2.3.0/webrick/server.rb:296:in `block in start_thread'


  Rendered /home/amarnath/.rvm/gems/ruby-2.3.4/gems/actionpack-4.2.9/lib/action_dispatch/middleware/templates/rescues/_source.erb (4.2ms)
  Rendered /home/amarnath/.rvm/gems/ruby-2.3.4/gems/actionpack-4.2.9/lib/action_dispatch/middleware/templates/rescues/_trace.html.erb (2.3ms)
  Rendered /home/amarnath/.rvm/gems/ruby-2.3.4/gems/actionpack-4.2.9/lib/action_dispatch/middleware/templates/rescues/_request_and_response.html.erb (2.0ms)
  Rendered /home/amarnath/.rvm/gems/ruby-2.3.4/gems/actionpack-4.2.9/lib/action_dispatch/middleware/templates/rescues/diagnostics.html.erb within rescues/layout (29.2ms)
  Rendered /home/amarnath/.rvm/gems/ruby-2.3.4/gems/web-console-2.3.0/lib/web_console/templates/_markup.html.erb (0.7ms)
  Rendered /home/amarnath/.rvm/gems/ruby-2.3.4/gems/web-console-2.3.0/lib/web_console/templates/_inner_console_markup.html.erb within layouts/inlined_string (0.4ms)
  Rendered /home/amarnath/.rvm/gems/ruby-2.3.4/gems/web-console-2.3.0/lib/web_console/templates/_prompt_box_markup.html.erb within layouts/inlined_string (0.4ms)
  Rendered /home/amarnath/.rvm/gems/ruby-2.3.4/gems/web-console-2.3.0/lib/web_console/templates/style.css.erb within layouts/inlined_string (0.5ms)
  Rendered /home/amarnath/.rvm/gems/ruby-2.3.4/gems/web-console-2.3.0/lib/web_console/templates/console.js.erb within layouts/javascript (25.6ms)
  Rendered /home/amarnath/.rvm/gems/ruby-2.3.4/gems/web-console-2.3.0/lib/web_console/templates/main.js.erb within layouts/javascript (0.4ms)
  Rendered /home/amarnath/.rvm/gems/ruby-2.3.4/gems/web-console-2.3.0/lib/web_console/templates/error_page.js.erb within layouts/javascript (1.0ms)
  Rendered /home/amarnath/.rvm/gems/ruby-2.3.4/gems/web-console-2.3.0/lib/web_console/templates/index.html.erb (52.5ms)


Started GET "/" for 127.0.0.1 at 2017-09-19 19:45:09 -0500
Processing by WelcomeController#index as HTML
  Rendered welcome/index.html.erb within layouts/application (1.5ms)
Completed 200 OK in 1388ms (Views: 1374.8ms | ActiveRecord: 0.0ms)


Started GET "/assets/welcome.self-e3b0c44298fc1c149afbf4c8996fb92427ae41e4649b934ca495991b7852b855.css?body=1" for 127.0.0.1 at 2017-09-19 19:45:10 -0500


Started GET "/assets/jquery_ujs.self-784a997f6726036b1993eb2217c9cb558e1cbb801c6da88105588c56f13b466a.js?body=1" for 127.0.0.1 at 2017-09-19 19:45:11 -0500


Started GET "/assets/jquery.self-bd7ddd393353a8d2480a622e80342adf488fb6006d667e8b42e4c0073393abee.js?body=1" for 127.0.0.1 at 2017-09-19 19:45:11 -0500


Started GET "/assets/application.self-e80e8f2318043e8af94dddc2adad5a4f09739a8ebb323b3ab31cd71d45fd9113.css?body=1" for 127.0.0.1 at 2017-09-19 19:45:11 -0500


Started GET "/assets/turbolinks.self-1d1fddf91adc38ac2045c51f0a3e05ca97d07d24d15a4dcbf705009106489e69.js?body=1" for 127.0.0.1 at 2017-09-19 19:45:11 -0500


Started GET "/assets/welcome.self-877aef30ae1b040ab8a3aba4e3e309a11d7f2612f44dde450b5c157aa5f95c05.js?body=1" for 127.0.0.1 at 2017-09-19 19:45:11 -0500


Started GET "/assets/application.self-3b8dabdc891efe46b9a144b400ad69e37d7e5876bdc39dee783419a69d7ca819.js?body=1" for 127.0.0.1 at 2017-09-19 19:45:11 -0500


Started GET "/" for 127.0.0.1 at 2017-09-19 19:45:12 -0500
Processing by WelcomeController#index as HTML
  Rendered welcome/index.html.erb within layouts/application (0.1ms)
Completed 200 OK in 33ms (Views: 32.1ms | ActiveRecord: 0.0ms)


Started GET "/assets/welcome.self-e3b0c44298fc1c149afbf4c8996fb92427ae41e4649b934ca495991b7852b855.css?body=1" for 127.0.0.1 at 2017-09-19 19:45:12 -0500


Started GET "/assets/jquery.self-bd7ddd393353a8d2480a622e80342adf488fb6006d667e8b42e4c0073393abee.js?body=1" for 127.0.0.1 at 2017-09-19 19:45:12 -0500


Started GET "/assets/application.self-e80e8f2318043e8af94dddc2adad5a4f09739a8ebb323b3ab31cd71d45fd9113.css?body=1" for 127.0.0.1 at 2017-09-19 19:45:12 -0500


Started GET "/assets/jquery_ujs.self-784a997f6726036b1993eb2217c9cb558e1cbb801c6da88105588c56f13b466a.js?body=1" for 127.0.0.1 at 2017-09-19 19:45:12 -0500


Started GET "/assets/turbolinks.self-1d1fddf91adc38ac2045c51f0a3e05ca97d07d24d15a4dcbf705009106489e69.js?body=1" for 127.0.0.1 at 2017-09-19 19:45:12 -0500


Started GET "/assets/welcome.self-877aef30ae1b040ab8a3aba4e3e309a11d7f2612f44dde450b5c157aa5f95c05.js?body=1" for 127.0.0.1 at 2017-09-19 19:45:12 -0500


Started GET "/assets/application.self-3b8dabdc891efe46b9a144b400ad69e37d7e5876bdc39dee783419a69d7ca819.js?body=1" for 127.0.0.1 at 2017-09-19 19:45:12 -0500


Started GET "/" for 127.0.0.1 at 2017-09-19 19:45:14 -0500
Processing by WelcomeController#index as HTML
  Rendered welcome/index.html.erb within layouts/application (0.1ms)
Completed 200 OK in 34ms (Views: 33.1ms | ActiveRecord: 0.0ms)


Started GET "/assets/welcome.self-e3b0c44298fc1c149afbf4c8996fb92427ae41e4649b934ca495991b7852b855.css?body=1" for 127.0.0.1 at 2017-09-19 19:45:14 -0500


Started GET "/assets/application.self-e80e8f2318043e8af94dddc2adad5a4f09739a8ebb323b3ab31cd71d45fd9113.css?body=1" for 127.0.0.1 at 2017-09-19 19:45:14 -0500


Started GET "/assets/welcome.self-877aef30ae1b040ab8a3aba4e3e309a11d7f2612f44dde450b5c157aa5f95c05.js?body=1" for 127.0.0.1 at 2017-09-19 19:45:14 -0500


Started GET "/assets/turbolinks.self-1d1fddf91adc38ac2045c51f0a3e05ca97d07d24d15a4dcbf705009106489e69.js?body=1" for 127.0.0.1 at 2017-09-19 19:45:14 -0500


Started GET "/assets/jquery.self-bd7ddd393353a8d2480a622e80342adf488fb6006d667e8b42e4c0073393abee.js?body=1" for 127.0.0.1 at 2017-09-19 19:45:14 -0500


Started GET "/assets/jquery_ujs.self-784a997f6726036b1993eb2217c9cb558e1cbb801c6da88105588c56f13b466a.js?body=1" for 127.0.0.1 at 2017-09-19 19:45:14 -0500


Started GET "/assets/application.self-3b8dabdc891efe46b9a144b400ad69e37d7e5876bdc39dee783419a69d7ca819.js?body=1" for 127.0.0.1 at 2017-09-19 19:45:14 -0500
